1 ROUGE-1 Average_R: 0.22459 (95%-conf.int. 0.19793 - 0.25186)
1 ROUGE-1 Average_P: 0.21924 (95%-conf.int. 0.19126 - 0.24698)
1 ROUGE-1 Average_F: 0.22095 (95%-conf.int. 0.19427 - 0.24907)
.............................................
1 ROUGE-1 Eval D1001.1 R:0.15000 P:0.12857 F:0.13846
1 ROUGE-1 Eval D1002.1 R:0.33871 P:0.33333 F:0.33600
1 ROUGE-1 Eval D1003.1 R:0.16129 P:0.18519 F:0.17242
1 ROUGE-1 Eval D1004.1 R:0.11111 P:0.09677 F:0.10345
1 ROUGE-1 Eval D1005.1 R:0.27419 P:0.30357 F:0.28813
1 ROUGE-1 Eval D1006.1 R:0.21333 P:0.28070 F:0.24242
1 ROUGE-1 Eval D1007.1 R:0.32075 P:0.32075 F:0.32075
1 ROUGE-1 Eval D1008.1 R:0.22917 P:0.16176 F:0.18965
1 ROUGE-1 Eval D1009.1 R:0.00000 P:0.00000 F:0.00000
1 ROUGE-1 Eval D1010.1 R:0.28846 P:0.26786 F:0.27778
1 ROUGE-1 Eval D1011.1 R:0.22222 P:0.22581 F:0.22400
1 ROUGE-1 Eval D1012.1 R:0.15152 P:0.14286 F:0.14706
1 ROUGE-1 Eval D1013.1 R:0.16949 P:0.18182 F:0.17544
1 ROUGE-1 Eval D1014.1 R:0.13793 P:0.12903 F:0.13333
1 ROUGE-1 Eval D1015.1 R:0.27273 P:0.34426 F:0.30435
1 ROUGE-1 Eval D1016.1 R:0.38596 P:0.35484 F:0.36975
1 ROUGE-1 Eval D1017.1 R:0.15789 P:0.14286 F:0.15000
1 ROUGE-1 Eval D1018.1 R:0.31034 P:0.30000 F:0.30508
1 ROUGE-1 Eval D1019.1 R:0.33333 P:0.33929 F:0.33628
1 ROUGE-1 Eval D1020.1 R:0.17241 P:0.14493 F:0.15748
1 ROUGE-1 Eval D1021.1 R:0.21569 P:0.18966 F:0.20184
1 ROUGE-1 Eval D1022.1 R:0.34615 P:0.32143 F:0.33333
1 ROUGE-1 Eval D1023.1 R:0.07692 P:0.07937 F:0.07813
1 ROUGE-1 Eval D1024.1 R:0.30769 P:0.25806 F:0.28070
1 ROUGE-1 Eval D1025.1 R:0.35714 P:0.35088 F:0.35398
1 ROUGE-1 Eval D1026.1 R:0.08333 P:0.08197 F:0.08264
1 ROUGE-1 Eval D1027.1 R:0.36765 P:0.39062 F:0.37879
1 ROUGE-1 Eval D1028.1 R:0.40385 P:0.40385 F:0.40385
1 ROUGE-1 Eval D1029.1 R:0.11864 P:0.11111 F:0.11475
1 ROUGE-1 Eval D1030.1 R:0.13559 P:0.12308 F:0.12903
1 ROUGE-1 Eval D1031.1 R:0.12500 P:0.10448 F:0.11382
1 ROUGE-1 Eval D1032.1 R:0.18310 P:0.24074 F:0.20800
1 ROUGE-1 Eval D1033.1 R:0.20690 P:0.18182 F:0.19355
1 ROUGE-1 Eval D1034.1 R:0.14894 P:0.13725 F:0.14286
1 ROUGE-1 Eval D1035.1 R:0.12698 P:0.12308 F:0.12500
1 ROUGE-1 Eval D1036.1 R:0.15385 P:0.16949 F:0.16129
1 ROUGE-1 Eval D1037.1 R:0.18182 P:0.11594 F:0.14159
1 ROUGE-1 Eval D1038.1 R:0.22059 P:0.25862 F:0.23810
1 ROUGE-1 Eval D1039.1 R:0.23077 P:0.23810 F:0.23438
1 ROUGE-1 Eval D1040.1 R:0.23729 P:0.23333 F:0.23529
1 ROUGE-1 Eval D1041.1 R:0.19355 P:0.18182 F:0.18750
1 ROUGE-1 Eval D1042.1 R:0.30000 P:0.25000 F:0.27273
1 ROUGE-1 Eval D1043.1 R:0.32203 P:0.31667 F:0.31933
1 ROUGE-1 Eval D1044.1 R:0.35088 P:0.35088 F:0.35088
1 ROUGE-1 Eval D1045.1 R:0.25862 P:0.25862 F:0.25862
1 ROUGE-1 Eval D1046.1 R:0.27586 P:0.22857 F:0.25000
---------------------------------------------
1 ROUGE-2 Average_R: 0.05354 (95%-conf.int. 0.04157 - 0.06683)
1 ROUGE-2 Average_P: 0.05211 (95%-conf.int. 0.04017 - 0.06549)
1 ROUGE-2 Average_F: 0.05262 (95%-conf.int. 0.04045 - 0.06564)
.............................................
1 ROUGE-2 Eval D1001.1 R:0.01695 P:0.01449 F:0.01562
1 ROUGE-2 Eval D1002.1 R:0.11475 P:0.11290 F:0.11382
1 ROUGE-2 Eval D1003.1 R:0.03279 P:0.03774 F:0.03509
1 ROUGE-2 Eval D1004.1 R:0.03774 P:0.03279 F:0.03509
1 ROUGE-2 Eval D1005.1 R:0.01639 P:0.01818 F:0.01724
1 ROUGE-2 Eval D1006.1 R:0.04054 P:0.05357 F:0.04615
1 ROUGE-2 Eval D1007.1 R:0.09615 P:0.09615 F:0.09615
1 ROUGE-2 Eval D1008.1 R:0.02128 P:0.01493 F:0.01755
1 ROUGE-2 Eval D1009.1 R:0.00000 P:0.00000 F:0.00000
1 ROUGE-2 Eval D1010.1 R:0.09804 P:0.09091 F:0.09434
1 ROUGE-2 Eval D1011.1 R:0.03226 P:0.03279 F:0.03252
1 ROUGE-2 Eval D1012.1 R:0.03077 P:0.02899 F:0.02985
1 ROUGE-2 Eval D1013.1 R:0.01724 P:0.01852 F:0.01786
1 ROUGE-2 Eval D1014.1 R:0.00000 P:0.00000 F:0.00000
1 ROUGE-2 Eval D1015.1 R:0.07895 P:0.10000 F:0.08824
1 ROUGE-2 Eval D1016.1 R:0.08929 P:0.08197 F:0.08547
1 ROUGE-2 Eval D1017.1 R:0.00000 P:0.00000 F:0.00000
1 ROUGE-2 Eval D1018.1 R:0.07018 P:0.06780 F:0.06897
1 ROUGE-2 Eval D1019.1 R:0.14286 P:0.14545 F:0.14414
1 ROUGE-2 Eval D1020.1 R:0.03509 P:0.02941 F:0.03200
1 ROUGE-2 Eval D1021.1 R:0.10000 P:0.08772 F:0.09346
1 ROUGE-2 Eval D1022.1 R:0.07843 P:0.07273 F:0.07547
1 ROUGE-2 Eval D1023.1 R:0.00000 P:0.00000 F:0.00000
1 ROUGE-2 Eval D1024.1 R:0.05882 P:0.04918 F:0.05357
1 ROUGE-2 Eval D1025.1 R:0.09091 P:0.08929 F:0.09009
1 ROUGE-2 Eval D1026.1 R:0.01695 P:0.01667 F:0.01681
1 ROUGE-2 Eval D1027.1 R:0.14925 P:0.15873 F:0.15384
1 ROUGE-2 Eval D1028.1 R:0.15686 P:0.15686 F:0.15686
1 ROUGE-2 Eval D1029.1 R:0.01724 P:0.01613 F:0.01667
1 ROUGE-2 Eval D1030.1 R:0.00000 P:0.00000 F:0.00000
1 ROUGE-2 Eval D1031.1 R:0.00000 P:0.00000 F:0.00000
1 ROUGE-2 Eval D1032.1 R:0.00000 P:0.00000 F:0.00000
1 ROUGE-2 Eval D1033.1 R:0.03509 P:0.03077 F:0.03279
1 ROUGE-2 Eval D1034.1 R:0.02174 P:0.02000 F:0.02083
1 ROUGE-2 Eval D1035.1 R:0.01613 P:0.01562 F:0.01587
1 ROUGE-2 Eval D1036.1 R:0.01562 P:0.01724 F:0.01639
1 ROUGE-2 Eval D1037.1 R:0.06977 P:0.04412 F:0.05406
1 ROUGE-2 Eval D1038.1 R:0.05970 P:0.07018 F:0.06452
1 ROUGE-2 Eval D1039.1 R:0.07812 P:0.08065 F:0.07936
1 ROUGE-2 Eval D1040.1 R:0.08621 P:0.08475 F:0.08547
1 ROUGE-2 Eval D1041.1 R:0.06557 P:0.06154 F:0.06349
1 ROUGE-2 Eval D1042.1 R:0.10204 P:0.08475 F:0.09259
1 ROUGE-2 Eval D1043.1 R:0.08621 P:0.08475 F:0.08547
1 ROUGE-2 Eval D1044.1 R:0.07143 P:0.07143 F:0.07143
1 ROUGE-2 Eval D1045.1 R:0.07018 P:0.07018 F:0.07018
1 ROUGE-2 Eval D1046.1 R:0.05263 P:0.04348 F:0.04762
---------------------------------------------
1 ROUGE-3 Average_R: 0.01287 (95%-conf.int. 0.00758 - 0.01820)
1 ROUGE-3 Average_P: 0.01260 (95%-conf.int. 0.00751 - 0.01762)
1 ROUGE-3 Average_F: 0.01270 (95%-conf.int. 0.00756 - 0.01792)
.............................................
1 ROUGE-3 Eval D1001.1 R:0.00000 P:0.00000 F:0.00000
1 ROUGE-3 Eval D1002.1 R:0.00000 P:0.00000 F:0.00000
1 ROUGE-3 Eval D1003.1 R:0.00000 P:0.00000 F:0.00000
1 ROUGE-3 Eval D1004.1 R:0.00000 P:0.00000 F:0.00000
1 ROUGE-3 Eval D1005.1 R:0.00000 P:0.00000 F:0.00000
1 ROUGE-3 Eval D1006.1 R:0.01370 P:0.01818 F:0.01563
1 ROUGE-3 Eval D1007.1 R:0.00000 P:0.00000 F:0.00000
1 ROUGE-3 Eval D1008.1 R:0.00000 P:0.00000 F:0.00000
1 ROUGE-3 Eval D1009.1 R:0.00000 P:0.00000 F:0.00000
1 ROUGE-3 Eval D1010.1 R:0.06000 P:0.05556 F:0.05769
1 ROUGE-3 Eval D1011.1 R:0.00000 P:0.00000 F:0.00000
1 ROUGE-3 Eval D1012.1 R:0.01562 P:0.01471 F:0.01515
1 ROUGE-3 Eval D1013.1 R:0.00000 P:0.00000 F:0.00000
1 ROUGE-3 Eval D1014.1 R:0.00000 P:0.00000 F:0.00000
1 ROUGE-3 Eval D1015.1 R:0.01333 P:0.01695 F:0.01492
1 ROUGE-3 Eval D1016.1 R:0.00000 P:0.00000 F:0.00000
1 ROUGE-3 Eval D1017.1 R:0.00000 P:0.00000 F:0.00000
1 ROUGE-3 Eval D1018.1 R:0.03571 P:0.03448 F:0.03508
1 ROUGE-3 Eval D1019.1 R:0.03636 P:0.03704 F:0.03670
1 ROUGE-3 Eval D1020.1 R:0.00000 P:0.00000 F:0.00000
1 ROUGE-3 Eval D1021.1 R:0.06122 P:0.05357 F:0.05714
1 ROUGE-3 Eval D1022.1 R:0.04000 P:0.03704 F:0.03846
1 ROUGE-3 Eval D1023.1 R:0.00000 P:0.00000 F:0.00000
1 ROUGE-3 Eval D1024.1 R:0.02000 P:0.01667 F:0.01818
1 ROUGE-3 Eval D1025.1 R:0.03704 P:0.03636 F:0.03670
1 ROUGE-3 Eval D1026.1 R:0.00000 P:0.00000 F:0.00000
1 ROUGE-3 Eval D1027.1 R:0.03030 P:0.03226 F:0.03125
1 ROUGE-3 Eval D1028.1 R:0.04000 P:0.04000 F:0.04000
1 ROUGE-3 Eval D1029.1 R:0.00000 P:0.00000 F:0.00000
1 ROUGE-3 Eval D1030.1 R:0.00000 P:0.00000 F:0.00000
1 ROUGE-3 Eval D1031.1 R:0.00000 P:0.00000 F:0.00000
1 ROUGE-3 Eval D1032.1 R:0.00000 P:0.00000 F:0.00000
1 ROUGE-3 Eval D1033.1 R:0.00000 P:0.00000 F:0.00000
1 ROUGE-3 Eval D1034.1 R:0.00000 P:0.00000 F:0.00000
1 ROUGE-3 Eval D1035.1 R:0.00000 P:0.00000 F:0.00000
1 ROUGE-3 Eval D1036.1 R:0.00000 P:0.00000 F:0.00000
1 ROUGE-3 Eval D1037.1 R:0.00000 P:0.00000 F:0.00000
1 ROUGE-3 Eval D1038.1 R:0.03030 P:0.03571 F:0.03278
1 ROUGE-3 Eval D1039.1 R:0.03175 P:0.03279 F:0.03226
1 ROUGE-3 Eval D1040.1 R:0.03509 P:0.03448 F:0.03478
1 ROUGE-3 Eval D1041.1 R:0.01667 P:0.01562 F:0.01613
1 ROUGE-3 Eval D1042.1 R:0.04167 P:0.03448 F:0.03774
1 ROUGE-3 Eval D1043.1 R:0.00000 P:0.00000 F:0.00000
1 ROUGE-3 Eval D1044.1 R:0.03636 P:0.03636 F:0.03636
1 ROUGE-3 Eval D1045.1 R:0.00000 P:0.00000 F:0.00000
1 ROUGE-3 Eval D1046.1 R:0.00000 P:0.00000 F:0.00000
---------------------------------------------
1 ROUGE-4 Average_R: 0.00424 (95%-conf.int. 0.00164 - 0.00730)
1 ROUGE-4 Average_P: 0.00403 (95%-conf.int. 0.00160 - 0.00684)
1 ROUGE-4 Average_F: 0.00413 (95%-conf.int. 0.00163 - 0.00707)
.............................................
1 ROUGE-4 Eval D1001.1 R:0.00000 P:0.00000 F:0.00000
1 ROUGE-4 Eval D1002.1 R:0.00000 P:0.00000 F:0.00000
1 ROUGE-4 Eval D1003.1 R:0.00000 P:0.00000 F:0.00000
1 ROUGE-4 Eval D1004.1 R:0.00000 P:0.00000 F:0.00000
1 ROUGE-4 Eval D1005.1 R:0.00000 P:0.00000 F:0.00000
1 ROUGE-4 Eval D1006.1 R:0.00000 P:0.00000 F:0.00000
1 ROUGE-4 Eval D1007.1 R:0.00000 P:0.00000 F:0.00000
1 ROUGE-4 Eval D1008.1 R:0.00000 P:0.00000 F:0.00000
1 ROUGE-4 Eval D1009.1 R:0.00000 P:0.00000 F:0.00000
1 ROUGE-4 Eval D1010.1 R:0.04082 P:0.03774 F:0.03922
1 ROUGE-4 Eval D1011.1 R:0.00000 P:0.00000 F:0.00000
1 ROUGE-4 Eval D1012.1 R:0.00000 P:0.00000 F:0.00000
1 ROUGE-4 Eval D1013.1 R:0.00000 P:0.00000 F:0.00000
1 ROUGE-4 Eval D1014.1 R:0.00000 P:0.00000 F:0.00000
1 ROUGE-4 Eval D1015.1 R:0.00000 P:0.00000 F:0.00000
1 ROUGE-4 Eval D1016.1 R:0.00000 P:0.00000 F:0.00000
1 ROUGE-4 Eval D1017.1 R:0.00000 P:0.00000 F:0.00000
1 ROUGE-4 Eval D1018.1 R:0.00000 P:0.00000 F:0.00000
1 ROUGE-4 Eval D1019.1 R:0.00000 P:0.00000 F:0.00000
1 ROUGE-4 Eval D1020.1 R:0.00000 P:0.00000 F:0.00000
1 ROUGE-4 Eval D1021.1 R:0.04167 P:0.03636 F:0.03883
1 ROUGE-4 Eval D1022.1 R:0.02041 P:0.01887 F:0.01961
1 ROUGE-4 Eval D1023.1 R:0.00000 P:0.00000 F:0.00000
1 ROUGE-4 Eval D1024.1 R:0.00000 P:0.00000 F:0.00000
1 ROUGE-4 Eval D1025.1 R:0.01887 P:0.01852 F:0.01869
1 ROUGE-4 Eval D1026.1 R:0.00000 P:0.00000 F:0.00000
1 ROUGE-4 Eval D1027.1 R:0.00000 P:0.00000 F:0.00000
1 ROUGE-4 Eval D1028.1 R:0.02041 P:0.02041 F:0.02041
1 ROUGE-4 Eval D1029.1 R:0.00000 P:0.00000 F:0.00000
1 ROUGE-4 Eval D1030.1 R:0.00000 P:0.00000 F:0.00000
1 ROUGE-4 Eval D1031.1 R:0.00000 P:0.00000 F:0.00000
1 ROUGE-4 Eval D1032.1 R:0.00000 P:0.00000 F:0.00000
1 ROUGE-4 Eval D1033.1 R:0.00000 P:0.00000 F:0.00000
1 ROUGE-4 Eval D1034.1 R:0.00000 P:0.00000 F:0.00000
1 ROUGE-4 Eval D1035.1 R:0.00000 P:0.00000 F:0.00000
1 ROUGE-4 Eval D1036.1 R:0.00000 P:0.00000 F:0.00000
1 ROUGE-4 Eval D1037.1 R:0.00000 P:0.00000 F:0.00000
1 ROUGE-4 Eval D1038.1 R:0.00000 P:0.00000 F:0.00000
1 ROUGE-4 Eval D1039.1 R:0.01613 P:0.01667 F:0.01640
1 ROUGE-4 Eval D1040.1 R:0.01786 P:0.01754 F:0.01770
1 ROUGE-4 Eval D1041.1 R:0.00000 P:0.00000 F:0.00000
1 ROUGE-4 Eval D1042.1 R:0.00000 P:0.00000 F:0.00000
1 ROUGE-4 Eval D1043.1 R:0.00000 P:0.00000 F:0.00000
1 ROUGE-4 Eval D1044.1 R:0.01852 P:0.01852 F:0.01852
1 ROUGE-4 Eval D1045.1 R:0.00000 P:0.00000 F:0.00000
1 ROUGE-4 Eval D1046.1 R:0.00000 P:0.00000 F:0.00000